<?xml version="1.0" encoding="UTF-8"?>
<testsuite xmlns:xsi="http://www.w3.org/2001/XMLSchema-instance" xsi:schemaLocation="https://maven.apache.org/surefire/maven-surefire-plugin/xsd/surefire-test-report.xsd" name="Test_bookTable" time="62.466" tests="1" errors="0" skipped="0" failures="0">
  <properties>
    <property name="java.runtime.name" value="Java(TM) SE Runtime Environment"/>
    <property name="sun.boot.library.path" value="C:\Devon-dist-current\Devon-dist_2.4.0\software\java\jre\bin"/>
    <property name="java.vm.version" value="25.172-b11"/>
    <property name="browser" value="ChromeHeadless"/>
    <property name="user.country.format" value="ES"/>
    <property name="java.vm.vendor" value="Oracle Corporation"/>
    <property name="maven.multiModuleProjectDirectory" value="C:\Devon-dist-current\Devon-dist_2.4.0\workspaces\MyThaiStar_MrChecker\my-thai-star\mrchecker\endtoend-test"/>
    <property name="java.vendor.url" value="http://java.oracle.com/"/>
    <property name="path.separator" value=";"/>
    <property name="guice.disable.misplaced.annotation.check" value="true"/>
    <property name="java.vm.name" value="Java HotSpot(TM) 64-Bit Server VM"/>
    <property name="file.encoding.pkg" value="sun.io"/>
    <property name="user.script" value=""/>
    <property name="user.country" value="US"/>
    <property name="sun.java.launcher" value="SUN_STANDARD"/>
    <property name="sun.os.patch.level" value=""/>
    <property name="test" value="MyThaiStarTest"/>
    <property name="java.vm.specification.name" value="Java Virtual Machine Specification"/>
    <property name="user.dir" value="C:\Devon-dist-current\Devon-dist_2.4.0\workspaces\MyThaiStar_MrChecker\my-thai-star\mrchecker\endtoend-test"/>
    <property name="java.runtime.version" value="1.8.0_172-b11"/>
    <property name="java.awt.graphicsenv" value="sun.awt.Win32GraphicsEnvironment"/>
    <property name="java.endorsed.dirs" value="C:\Devon-dist-current\Devon-dist_2.4.0\software\java\jre\lib\endorsed"/>
    <property name="os.arch" value="amd64"/>
    <property name="java.io.tmpdir" value="C:\Users\cmicoege\AppData\Local\Temp\"/>
    <property name="line.separator" value="&#10;"/>
    <property name="java.vm.specification.vendor" value="Oracle Corporation"/>
    <property name="user.variant" value=""/>
    <property name="os.name" value="Windows 10"/>
    <property name="classworlds.conf" value="C:\Devon-dist-current\Devon-dist_2.4.0\software\maven\bin\..\bin\m2.conf"/>
    <property name="sun.jnu.encoding" value="Cp1252"/>
    <property name="java.library.path" value="C:\Devon-dist-current\Devon-dist_2.4.0\software\java\bin;C:\WINDOWS\Sun\Java\bin;C:\WINDOWS\system32;C:\WINDOWS;C:\Devon-dist-current\Devon-dist_2.4.0\software\cmder\bin;C:\Devon-dist-current\Devon-dist_2.4.0\software\cmder\vendor\conemu-maximus5\ConEmu\Scripts;C:\Devon-dist-current\Devon-dist_2.4.0\software\cmder\vendor\conemu-maximus5;C:\Devon-dist-current\Devon-dist_2.4.0\software\cmder\vendor\conemu-maximus5\ConEmu;C:\Devon-dist-current\Devon-dist_2.4.0\software\vscode\bin;C:\Devon-dist-current\Devon-dist_2.4.0\software\tomcat\bin;C:\Devon-dist-current\Devon-dist_2.4.0\software\subversion;C:\Devon-dist-current\Devon-dist_2.4.0\software\sonarqube\bin;C:\Devon-dist-current\Devon-dist_2.4.0\software\python3;C:\Devon-dist-current\Devon-dist_2.4.0\software\nodejs;C:\Devon-dist-current\Devon-dist_2.4.0\software\maven\bin;C:\Devon-dist-current\Devon-dist_2.4.0\software\logs;C:\Devon-dist-current\Devon-dist_2.4.0\software\java\bin;C:\Devon-dist-current\Devon-dist_2.4.0\software\jasypt\bin;C:\Devon-dist-current\Devon-dist_2.4.0\software\eclipse;C:\Devon-dist-current\Devon-dist_2.4.0\software\devcon;C:\Devon-dist-current\Devon-dist_2.4.0\software\cmder\bin;C:\Devon-dist-current\Devon-dist_2.4.0\software\ant\bin;C:\Program Files (x86)\Common Files\Oracle\Java\javapath;C:\Program Files\Docker\Docker\Resources\bin;C:\WINDOWS\system32;C:\WINDOWS;C:\WINDOWS\System32\Wbem;C:\WINDOWS\System32\WindowsPowerShell\v1.0\;C:\Users\cmicoege\AppData\Local\Programs\Python\Python36-32;C:\Program Files\nodejs\;C:\Program Files\Git\cmd;C:\Program Files\Microsoft VS Code\bin;C:\Program Files (x86)\Yarn\bin\;C:\Program Files\Microsoft VS Code\bin;C:\Users\cmicoege\AppData\Roaming\npm;C:\Users\cmicoege\AppData\Local\Programs\MiKTeX 2.9\miktex\bin\x64\;C:\Users\cmicoege\AppData\Local\Microsoft\WindowsApps;C:\Users\cmicoege\AppData\Local\Yarn\bin;C:\Users\cmicoege\AppData\Roaming\npm;C:\Program Files\Git\usr\bin;C:\Program Files\Git\usr\share\vim\vim74;C:\Devon-dist-current\Devon-dist_2.4.0\software\cmder\;."/>
    <property name="maven.conf" value="C:\Devon-dist-current\Devon-dist_2.4.0\software\maven\bin\../conf"/>
    <property name="java.specification.name" value="Java Platform API Specification"/>
    <property name="java.class.version" value="52.0"/>
    <property name="sun.management.compiler" value="HotSpot 64-Bit Tiered Compilers"/>
    <property name="os.version" value="10.0"/>
    <property name="library.jansi.path" value="C:\Devon-dist-current\Devon-dist_2.4.0\software\maven\bin\..\lib\jansi-native"/>
    <property name="user.home" value="C:\Devon-dist-current\Devon-dist_2.4.0\conf"/>
    <property name="user.timezone" value="Europe/Paris"/>
    <property name="java.awt.printerjob" value="sun.awt.windows.WPrinterJob"/>
    <property name="java.specification.version" value="1.8"/>
    <property name="file.encoding" value="Cp1252"/>
    <property name="user.name" value="cmicoege"/>
    <property name="java.class.path" value="C:\Devon-dist-current\Devon-dist_2.4.0\software\maven\bin\..\boot\plexus-classworlds-2.5.2.jar"/>
    <property name="java.vm.specification.version" value="1.8"/>
    <property name="sun.arch.data.model" value="64"/>
    <property name="java.home" value="C:\Devon-dist-current\Devon-dist_2.4.0\software\java\jre"/>
    <property name="sun.java.command" value="org.codehaus.plexus.classworlds.launcher.Launcher test -Dtest=MyThaiStarTest -Dbrowser=ChromeHeadless"/>
    <property name="java.specification.vendor" value="Oracle Corporation"/>
    <property name="user.language" value="en"/>
    <property name="user.language.format" value="es"/>
    <property name="awt.toolkit" value="sun.awt.windows.WToolkit"/>
    <property name="java.vm.info" value="mixed mode"/>
    <property name="java.version" value="1.8.0_172"/>
    <property name="java.ext.dirs" value="C:\Devon-dist-current\Devon-dist_2.4.0\software\java\jre\lib\ext;C:\WINDOWS\Sun\Java\lib\ext"/>
    <property name="sun.boot.class.path" value="C:\Devon-dist-current\Devon-dist_2.4.0\software\java\jre\lib\resources.jar;C:\Devon-dist-current\Devon-dist_2.4.0\software\java\jre\lib\rt.jar;C:\Devon-dist-current\Devon-dist_2.4.0\software\java\jre\lib\sunrsasign.jar;C:\Devon-dist-current\Devon-dist_2.4.0\software\java\jre\lib\jsse.jar;C:\Devon-dist-current\Devon-dist_2.4.0\software\java\jre\lib\jce.jar;C:\Devon-dist-current\Devon-dist_2.4.0\software\java\jre\lib\charsets.jar;C:\Devon-dist-current\Devon-dist_2.4.0\software\java\jre\lib\jfr.jar;C:\Devon-dist-current\Devon-dist_2.4.0\software\java\jre\classes"/>
    <property name="sun.stderr.encoding" value="cp850"/>
    <property name="java.vendor" value="Oracle Corporation"/>
    <property name="maven.home" value="C:\Devon-dist-current\Devon-dist_2.4.0\software\maven\bin\.."/>
    <property name="file.separator" value="\"/>
    <property name="java.vendor.url.bug" value="http://bugreport.sun.com/bugreport/"/>
    <property name="sun.cpu.endian" value="little"/>
    <property name="sun.io.unicode.encoding" value="UnicodeLittle"/>
    <property name="sun.stdout.encoding" value="cp850"/>
    <property name="sun.desktop" value="windows"/>
    <property name="sun.cpu.isalist" value="amd64"/>
  </properties>
  <testcase name="[0] user0, password (Test_bookTable)" classname="com.devonfw.mts.tests.MyThaiStarTest" time="62.466"/>
</testsuite>